<?xml version="1.0" encoding="UTF-8"?>
<testng-results skipped="0" failed="0" total="2" passed="2">
  <reporter-output>
    <line>
      <![CDATA[Hamburger button Clicked]]>
    </line>
    <line>
      <![CDATA[ShopByCategory Tapped Clicked]]>
    </line>
    <line>
      <![CDATA[Kindle E-Readers element is verification done]]>
    </line>
  </reporter-output>
  <suite name="Suite" duration-ms="44944" started-at="2019-09-23T14:50:17Z" finished-at="2019-09-23T14:51:02Z">
    <groups>
    </groups>
    <test name="Test1" duration-ms="44944" started-at="2019-09-23T14:50:17Z" finished-at="2019-09-23T14:51:02Z">
      <class name="com.qa.amazon.tests.VerifyKindleTest">
        <test-method status="PASS" signature="setup(java.lang.String, java.lang.String, java.lang.String, java.lang.String, java.lang.String, long)[pri:0, instance:com.qa.amazon.tests.VerifyKindleTest@482f8f11]" name="setup" is-config="true" duration-ms="19903" started-at="2019-09-23T20:20:17Z" finished-at="2019-09-23T20:20:37Z">
          <params>
            <param index="0">
              <value>
                <![CDATA[emulator-5554]]>
              </value>
            </param>
            <param index="1">
              <value>
                <![CDATA[emulator-5554]]>
              </value>
            </param>
            <param index="2">
              <value>
                <![CDATA[9]]>
              </value>
            </param>
            <param index="3">
              <value>
                <![CDATA[127.0.0.1]]>
              </value>
            </param>
            <param index="4">
              <value>
                <![CDATA[4725]]>
              </value>
            </param>
            <param index="5">
              <value>
                <![CDATA[10]]>
              </value>
            </param>
          </params>
          <reporter-output>
          </reporter-output>
        </test-method> <!-- setup -->
        <test-method status="PASS" signature="shopByCategoryclickTest()[pri:0, instance:com.qa.amazon.tests.VerifyKindleTest@482f8f11]" name="shopByCategoryclickTest" duration-ms="6620" started-at="2019-09-23T20:20:37Z" finished-at="2019-09-23T20:20:44Z">
          <reporter-output>
            <line>
              <![CDATA[Hamburger button Clicked]]>
            </line>
          </reporter-output>
        </test-method> <!-- shopByCategoryclickTest -->
        <test-method status="PASS" signature="verifyKindleTest()[pri:0, instance:com.qa.amazon.tests.VerifyKindleTest@482f8f11]" name="verifyKindleTest" duration-ms="16116" started-at="2019-09-23T20:20:44Z" finished-at="2019-09-23T20:21:00Z">
          <reporter-output>
            <line>
              <![CDATA[ShopByCategory Tapped Clicked]]>
            </line>
            <line>
              <![CDATA[Kindle E-Readers element is verification done]]>
            </line>
          </reporter-output>
        </test-method> <!-- verifyKindleTest -->
        <test-method status="PASS" signature="tearDown()[pri:0, instance:com.qa.amazon.tests.VerifyKindleTest@482f8f11]" name="tearDown" is-config="true" duration-ms="2276" started-at="2019-09-23T20:21:00Z" finished-at="2019-09-23T20:21:02Z">
          <reporter-output>
          </reporter-output>
        </test-method> <!-- tearDown -->
      </class> <!-- com.qa.amazon.tests.VerifyKindleTest -->
    </test> <!-- Test1 -->
  </suite> <!-- Suite -->
</testng-results>
