<?xml version="1.0" encoding="UTF-8"?>
<!-- Generated by org.testng.reporters.JUnitXMLReporter -->
<testsuite hostname="TRNROOM10-29" name="Test2" tests="2" failures="2" timestamp="23 Sep 2019 10:09:14 GMT" time="77.006" errors="0">
  <testcase name="shopByCategoryclickTest" time="34.128" classname="com.qa.amazon.tests.VerifyKindleTest">
    <failure type="org.openqa.selenium.WebDriverException" message="An unknown server-side error occurred while processing the command. Original error: io.appium.uiautomator2.common.exceptions.UiAutomator2Exception: Error in building: Ill-formed XML document (missing opening tag for android.view.View). Try changing the &amp;apos;normalizeTagNames&amp;apos; driver setting to &amp;apos;true&amp;apos; in order to workaround the problem.
	at io.appium.uiautomator2.core.AccessibilityNodeInfoDumper.findNodes(AccessibilityNodeInfoDumper.java:233)
	at io.appium.uiautomator2.utils.ElementLocationHelpers.getXPathNodeMatch(ElementLocationHelpers.java:71)
	at io.appium.uiautomator2.handler.FindElement.findElement(FindElement.java:101)
	at io.appium.uiautomator2.handler.FindElement.safeHandle(FindElement.java:73)
	at io.appium.uiautomator2.handler.request.SafeRequestHandler.handle(SafeRequestHandler.java:37)
	at io.appium.uiautomator2.server.AppiumServlet.handleRequest(AppiumServlet.java:252)
	at io.appium.uiautomator2.server.AppiumServlet.handleHttpRequest(AppiumServlet.java:243)
	at io.appium.uiautomator2.http.ServerHandler.channelRead(ServerHandler.java:44)
	at io.netty.channel.AbstractChannelHandlerContext.invokeChannelRead(AbstractChannelHandlerContext.java:366)
	at io.netty.channel.AbstractChannelHandlerContext.invokeChannelRead(AbstractChannelHandlerContext.java:352)
	at io.netty.channel.AbstractChannelHandlerContext.fireChannelRead(AbstractChannelHandlerContext.java:345)
	at io.netty.handler.codec.MessageToMessageDecoder.channelRead(MessageToMessageDecoder.java:102)
	at io.netty.channel.AbstractChannelHandlerContext.invokeChannelRead(AbstractChannelHandlerContext.java:366)
	at io.netty.channel.AbstractChannelHandlerContext.invokeChannelRead(AbstractChannelHandlerContext.java:352)
	at io.netty.channel.AbstractChannelHandlerContext.fireChannelRead(AbstractChannelHandlerContext.java:345)
	at io.netty.channel.CombinedChannelDuplexHandler$DelegatingChannelHandlerContext.fireChannelRead(CombinedChannelDuplexHandler.java:435)
	at io.netty.handler.codec.ByteToMessageDecoder.fireChannelRead(ByteToMessageDecoder.java:293)
	at io.netty.handler.codec.ByteToMessageDecoder.channelRead(ByteToMessageDecoder.java:267)
	at io.netty.channel.CombinedChannelDuplexHandler.channelRead(CombinedChannelDuplexHandler.java:250)
	at io.netty.channel.AbstractChannelHandlerContext.invokeChannelRead(AbstractChannelHandlerContext.java:366)
	at io.netty.channel.AbstractChannelHandlerContext.invokeChannelRead(AbstractChannelHandlerContext.java:352)
	at io.netty.channel.AbstractChannelHandlerContext.fireChannelRead(AbstractChannelHandlerContext.java:345)
	at io.netty.channel.DefaultChannelPipeline$HeadContext.channelRead(DefaultChannelPipeline.java:1294)
	at io.netty.channel.AbstractChannelHandlerContext.invokeChannelRead(AbstractChannelHandlerContext.java:366)
	at io.netty.channel.AbstractChannelHandlerContext.invokeChannelRead(AbstractChannelHandlerContext.java:352)
	at io.netty.channel.DefaultChannelPipeline.fireChannelRead(DefaultChannelPipeline.java:911)
	at io.netty.channel.nio.AbstractNioByteChannel$NioByteUnsafe.read(AbstractNioByteChannel.java:131)
	at io.netty.channel.nio.NioEventLoop.processSelectedKey(NioEventLoop.java:611)
	at io.netty.channel.nio.NioEventLoop.processSelectedKeysOptimized(NioEventLoop.java:552)
	at io.netty.channel.nio.NioEventLoop.processSelectedKeys(NioEventLoop.java:466)
	at io.netty.channel.nio.NioEventLoop.run(NioEventLoop.java:438)
	at io.netty.util.concurrent.SingleThreadEventExecutor$2.run(SingleThreadEventExecutor.java:140)
	at io.netty.util.concurrent.DefaultThreadFactory$DefaultRunnableDecorator.run(DefaultThreadFactory.java:144)
	at java.lang.Thread.run(Thread.java:764)
Caused by: org.jdom2.input.JDOMParseException: Error in building: Ill-formed XML document (missing opening tag for android.view.View)
	at org.jdom2.input.sax.SAXBuilderEngine.build(SAXBuilderEngine.java:236)
	at org.jdom2.input.sax.SAXBuilderEngine.build(SAXBuilderEngine.java:253)
	at org.jdom2.input.SAXBuilder.build(SAXBuilder.java:1091)
	at io.appium.uiautomator2.core.AccessibilityNodeInfoDumper.findNodes(AccessibilityNodeInfoDumper.java:213)
	... 33 more
Caused by: org.xml.sax.SAXException: Ill-formed XML document (missing opening tag for android.view.View)
	at org.jdom2.input.sax.SAXHandler.endElement(SAXHandler.java:879)
	at org.apache.harmony.xml.ExpatParser.endElement(ExpatParser.java:160)
	at org.apache.harmony.xml.ExpatParser.appendBytes(Native Method)
	at org.apache.harmony.xml.ExpatParser.parseFragment(ExpatParser.java:517)
	at org.apache.harmony.xml.ExpatParser.parseDocument(ExpatParser.java:478)
	at org.apache.harmony.xml.ExpatReader.parse(ExpatReader.java:316)
	at org.apache.harmony.xml.ExpatReader.parse(ExpatReader.java:279)
	at org.jdom2.input.sax.SAXBuilderEngine.build(SAXBuilderEngine.java:217)
	... 36 more
 (WARNING: The server did not provide any stacktrace information)
Command duration or timeout: 7.18 seconds
Build info: version: &amp;apos;2.53.0&amp;apos;, revision: &amp;apos;35ae25b1534ae328c771e0856c93e187490ca824&amp;apos;, time: &amp;apos;2016-03-15 10:43:46&amp;apos;
System info: host: &amp;apos;TRNROOM10-29&amp;apos;, ip: &amp;apos;172.20.226.252&amp;apos;, os.name: &amp;apos;Windows 8.1&amp;apos;, os.arch: &amp;apos;amd64&amp;apos;, os.version: &amp;apos;6.3&amp;apos;, java.version: &amp;apos;1.8.0_60&amp;apos;
Driver info: io.appium.java_client.android.AndroidDriver
Capabilities [{appPackage=in.amazon.mShop.android.shopping, statBarHeight=72, viewportRect={top=72, left=0, width=1080, height=1704}, deviceName=emulator-5556, platform=LINUX, deviceUDID=emulator-5556, desired={appPackage=in.amazon.mShop.android.shopping, appActivity=com.amazon.mShop.home.HomeActivity, app=C:\Pramila23Sept\amazon2\resources\Apks\Amazon.apk, platformVersion=9, automationName=UiAutomator2, platformName=Android, udid=emulator-5556, deviceName=emulator-5554}, platformVersion=9, webStorageEnabled=false, automationName=UiAutomator2, takesScreenshot=true, javascriptEnabled=true, platformName=Android, udid=emulator-5556, deviceApiLevel=28, deviceManufacturer=Google, app=C:\Pramila23Sept\amazon2\resources\Apks\Amazon.apk, deviceScreenSize=1080x1920, networkConnectionEnabled=true, warnings={}, databaseEnabled=false, appActivity=com.amazon.mShop.home.HomeActivity, pixelRatio=3, locationContextEnabled=false, deviceScreenDensity=480, deviceModel=Android SDK built for x86}]
Session ID: e81afc51-0078-4144-bbed-f06f22ad75bc
*** Element info: {Using=xpath, value=//android.widget.ImageView[@resource-id=&amp;apos;in.amazon.mShop.android.shopping:id/action_bar_burger_icon&amp;apos;]}">
      <![CDATA[org.openqa.selenium.WebDriverException: An unknown server-side error occurred while processing the command. Original error: io.appium.uiautomator2.common.exceptions.UiAutomator2Exception: Error in building: Ill-formed XML document (missing opening tag for android.view.View). Try changing the 'normalizeTagNames' driver setting to 'true' in order to workaround the problem.
	at io.appium.uiautomator2.core.AccessibilityNodeInfoDumper.findNodes(AccessibilityNodeInfoDumper.java:233)
	at io.appium.uiautomator2.utils.ElementLocationHelpers.getXPathNodeMatch(ElementLocationHelpers.java:71)
	at io.appium.uiautomator2.handler.FindElement.findElement(FindElement.java:101)
	at io.appium.uiautomator2.handler.FindElement.safeHandle(FindElement.java:73)
	at io.appium.uiautomator2.handler.request.SafeRequestHandler.handle(SafeRequestHandler.java:37)
	at io.appium.uiautomator2.server.AppiumServlet.handleRequest(AppiumServlet.java:252)
	at io.appium.uiautomator2.server.AppiumServlet.handleHttpRequest(AppiumServlet.java:243)
	at io.appium.uiautomator2.http.ServerHandler.channelRead(ServerHandler.java:44)
	at io.netty.channel.AbstractChannelHandlerContext.invokeChannelRead(AbstractChannelHandlerContext.java:366)
	at io.netty.channel.AbstractChannelHandlerContext.invokeChannelRead(AbstractChannelHandlerContext.java:352)
	at io.netty.channel.AbstractChannelHandlerContext.fireChannelRead(AbstractChannelHandlerContext.java:345)
	at io.netty.handler.codec.MessageToMessageDecoder.channelRead(MessageToMessageDecoder.java:102)
	at io.netty.channel.AbstractChannelHandlerContext.invokeChannelRead(AbstractChannelHandlerContext.java:366)
	at io.netty.channel.AbstractChannelHandlerContext.invokeChannelRead(AbstractChannelHandlerContext.java:352)
	at io.netty.channel.AbstractChannelHandlerContext.fireChannelRead(AbstractChannelHandlerContext.java:345)
	at io.netty.channel.CombinedChannelDuplexHandler$DelegatingChannelHandlerContext.fireChannelRead(CombinedChannelDuplexHandler.java:435)
	at io.netty.handler.codec.ByteToMessageDecoder.fireChannelRead(ByteToMessageDecoder.java:293)
	at io.netty.handler.codec.ByteToMessageDecoder.channelRead(ByteToMessageDecoder.java:267)
	at io.netty.channel.CombinedChannelDuplexHandler.channelRead(CombinedChannelDuplexHandler.java:250)
	at io.netty.channel.AbstractChannelHandlerContext.invokeChannelRead(AbstractChannelHandlerContext.java:366)
	at io.netty.channel.AbstractChannelHandlerContext.invokeChannelRead(AbstractChannelHandlerContext.java:352)
	at io.netty.channel.AbstractChannelHandlerContext.fireChannelRead(AbstractChannelHandlerContext.java:345)
	at io.netty.channel.DefaultChannelPipeline$HeadContext.channelRead(DefaultChannelPipeline.java:1294)
	at io.netty.channel.AbstractChannelHandlerContext.invokeChannelRead(AbstractChannelHandlerContext.java:366)
	at io.netty.channel.AbstractChannelHandlerContext.invokeChannelRead(AbstractChannelHandlerContext.java:352)
	at io.netty.channel.DefaultChannelPipeline.fireChannelRead(DefaultChannelPipeline.java:911)
	at io.netty.channel.nio.AbstractNioByteChannel$NioByteUnsafe.read(AbstractNioByteChannel.java:131)
	at io.netty.channel.nio.NioEventLoop.processSelectedKey(NioEventLoop.java:611)
	at io.netty.channel.nio.NioEventLoop.processSelectedKeysOptimized(NioEventLoop.java:552)
	at io.netty.channel.nio.NioEventLoop.processSelectedKeys(NioEventLoop.java:466)
	at io.netty.channel.nio.NioEventLoop.run(NioEventLoop.java:438)
	at io.netty.util.concurrent.SingleThreadEventExecutor$2.run(SingleThreadEventExecutor.java:140)
	at io.netty.util.concurrent.DefaultThreadFactory$DefaultRunnableDecorator.run(DefaultThreadFactory.java:144)
	at java.lang.Thread.run(Thread.java:764)
Caused by: org.jdom2.input.JDOMParseException: Error in building: Ill-formed XML document (missing opening tag for android.view.View)
	at org.jdom2.input.sax.SAXBuilderEngine.build(SAXBuilderEngine.java:236)
	at org.jdom2.input.sax.SAXBuilderEngine.build(SAXBuilderEngine.java:253)
	at org.jdom2.input.SAXBuilder.build(SAXBuilder.java:1091)
	at io.appium.uiautomator2.core.AccessibilityNodeInfoDumper.findNodes(AccessibilityNodeInfoDumper.java:213)
	... 33 more
Caused by: org.xml.sax.SAXException: Ill-formed XML document (missing opening tag for android.view.View)
	at org.jdom2.input.sax.SAXHandler.endElement(SAXHandler.java:879)
	at org.apache.harmony.xml.ExpatParser.endElement(ExpatParser.java:160)
	at org.apache.harmony.xml.ExpatParser.appendBytes(Native Method)
	at org.apache.harmony.xml.ExpatParser.parseFragment(ExpatParser.java:517)
	at org.apache.harmony.xml.ExpatParser.parseDocument(ExpatParser.java:478)
	at org.apache.harmony.xml.ExpatReader.parse(ExpatReader.java:316)
	at org.apache.harmony.xml.ExpatReader.parse(ExpatReader.java:279)
	at org.jdom2.input.sax.SAXBuilderEngine.build(SAXBuilderEngine.java:217)
	... 36 more
 (WARNING: The server did not provide any stacktrace information)
Command duration or timeout: 7.18 seconds
Build info: version: '2.53.0', revision: '35ae25b1534ae328c771e0856c93e187490ca824', time: '2016-03-15 10:43:46'
System info: host: 'TRNROOM10-29', ip: '172.20.226.252', os.name: 'Windows 8.1', os.arch: 'amd64', os.version: '6.3', java.version: '1.8.0_60'
Driver info: io.appium.java_client.android.AndroidDriver
Capabilities [{appPackage=in.amazon.mShop.android.shopping, statBarHeight=72, viewportRect={top=72, left=0, width=1080, height=1704}, deviceName=emulator-5556, platform=LINUX, deviceUDID=emulator-5556, desired={appPackage=in.amazon.mShop.android.shopping, appActivity=com.amazon.mShop.home.HomeActivity, app=C:\Pramila23Sept\amazon2\resources\Apks\Amazon.apk, platformVersion=9, automationName=UiAutomator2, platformName=Android, udid=emulator-5556, deviceName=emulator-5554}, platformVersion=9, webStorageEnabled=false, automationName=UiAutomator2, takesScreenshot=true, javascriptEnabled=true, platformName=Android, udid=emulator-5556, deviceApiLevel=28, deviceManufacturer=Google, app=C:\Pramila23Sept\amazon2\resources\Apks\Amazon.apk, deviceScreenSize=1080x1920, networkConnectionEnabled=true, warnings={}, databaseEnabled=false, appActivity=com.amazon.mShop.home.HomeActivity, pixelRatio=3, locationContextEnabled=false, deviceScreenDensity=480, deviceModel=Android SDK built for x86}]
Session ID: e81afc51-0078-4144-bbed-f06f22ad75bc
*** Element info: {Using=xpath, value=//android.widget.ImageView[@resource-id='in.amazon.mShop.android.shopping:id/action_bar_burger_icon']}
	at org.openqa.selenium.remote.ErrorHandler.createThrowable(ErrorHandler.java:206)
	at org.openqa.selenium.remote.ErrorHandler.throwIfResponseFailed(ErrorHandler.java:158)
	at org.openqa.selenium.remote.RemoteWebDriver.execute(RemoteWebDriver.java:678)
	at io.appium.java_client.DefaultGenericMobileDriver.execute(DefaultGenericMobileDriver.java:43)
	at io.appium.java_client.AppiumDriver.execute(AppiumDriver.java:1)
	at io.appium.java_client.android.AndroidDriver.execute(AndroidDriver.java:1)
	at org.openqa.selenium.remote.RemoteWebDriver.findElement(RemoteWebDriver.java:363)
	at org.openqa.selenium.remote.RemoteWebDriver.findElementByXPath(RemoteWebDriver.java:500)
	at io.appium.java_client.DefaultGenericMobileDriver.findElementByXPath(DefaultGenericMobileDriver.java:129)
	at io.appium.java_client.AppiumDriver.findElementByXPath(AppiumDriver.java:1)
	at io.appium.java_client.android.AndroidDriver.findElementByXPath(AndroidDriver.java:1)
	at org.openqa.selenium.By$ByXPath.findElement(By.java:361)
	at org.openqa.selenium.remote.RemoteWebDriver.findElement(RemoteWebDriver.java:355)
	at io.appium.java_client.DefaultGenericMobileDriver.findElement(DefaultGenericMobileDriver.java:51)
	at io.appium.java_client.AppiumDriver.findElement(AppiumDriver.java:1)
	at io.appium.java_client.android.AndroidDriver.findElement(AndroidDriver.java:1)
	at org.openqa.selenium.support.ui.ExpectedConditions.findElement(ExpectedConditions.java:899)
	at org.openqa.selenium.support.ui.ExpectedConditions.access$000(ExpectedConditions.java:41)
	at org.openqa.selenium.support.ui.ExpectedConditions$7.apply(ExpectedConditions.java:205)
	at org.openqa.selenium.support.ui.ExpectedConditions$7.apply(ExpectedConditions.java:201)
	at org.openqa.selenium.support.ui.ExpectedConditions$22.apply(ExpectedConditions.java:653)
	at org.openqa.selenium.support.ui.ExpectedConditions$22.apply(ExpectedConditions.java:646)
	at org.openqa.selenium.support.ui.FluentWait.until(FluentWait.java:238)
	at com.qa.amazon.pages.BasePage.doClick(BasePage.java:59)
	at com.qa.amazon.steps.LandingPageActions.clickHamburger(LandingPageActions.java:18)
	at com.qa.amazon.tests.VerifyKindleTest.shopByCategoryclickTest(VerifyKindleTest.java:13)
	at java.util.concurrent.FutureTask.run(FutureTask.java:266)
	at java.util.concurrent.ThreadPoolExecutor.runWorker(ThreadPoolExecutor.java:1142)
	at java.util.concurrent.ThreadPoolExecutor$Worker.run(ThreadPoolExecutor.java:617)
	at java.lang.Thread.run(Thread.java:745)
... Removed 20 stack frames]]>
    </failure>
  </testcase> <!-- shopByCategoryclickTest -->
  <testcase name="verifyKindleTest" time="6.727" classname="com.qa.amazon.tests.VerifyKindleTest">
    <failure type="org.openqa.selenium.WebDriverException" message="An unknown server-side error occurred while processing the command. Original error: Could not proxy command to remote server. Original error: Error: socket hang up (WARNING: The server did not provide any stacktrace information)
Command duration or timeout: 54 milliseconds
Build info: version: &amp;apos;2.53.0&amp;apos;, revision: &amp;apos;35ae25b1534ae328c771e0856c93e187490ca824&amp;apos;, time: &amp;apos;2016-03-15 10:43:46&amp;apos;
System info: host: &amp;apos;TRNROOM10-29&amp;apos;, ip: &amp;apos;172.20.226.252&amp;apos;, os.name: &amp;apos;Windows 8.1&amp;apos;, os.arch: &amp;apos;amd64&amp;apos;, os.version: &amp;apos;6.3&amp;apos;, java.version: &amp;apos;1.8.0_60&amp;apos;
Driver info: io.appium.java_client.android.AndroidDriver
Capabilities [{appPackage=in.amazon.mShop.android.shopping, statBarHeight=72, viewportRect={top=72, left=0, width=1080, height=1704}, deviceName=emulator-5556, platform=LINUX, deviceUDID=emulator-5556, desired={appPackage=in.amazon.mShop.android.shopping, appActivity=com.amazon.mShop.home.HomeActivity, app=C:\Pramila23Sept\amazon2\resources\Apks\Amazon.apk, platformVersion=9, automationName=UiAutomator2, platformName=Android, udid=emulator-5556, deviceName=emulator-5554}, platformVersion=9, webStorageEnabled=false, automationName=UiAutomator2, takesScreenshot=true, javascriptEnabled=true, platformName=Android, udid=emulator-5556, deviceApiLevel=28, deviceManufacturer=Google, app=C:\Pramila23Sept\amazon2\resources\Apks\Amazon.apk, deviceScreenSize=1080x1920, networkConnectionEnabled=true, warnings={}, databaseEnabled=false, appActivity=com.amazon.mShop.home.HomeActivity, pixelRatio=3, locationContextEnabled=false, deviceScreenDensity=480, deviceModel=Android SDK built for x86}]
Session ID: e81afc51-0078-4144-bbed-f06f22ad75bc
*** Element info: {Using=xpath, value=//android.widget.TextView[contains(@text, &amp;apos;Shop by Category&amp;apos;)]}">
      <![CDATA[org.openqa.selenium.WebDriverException: An unknown server-side error occurred while processing the command. Original error: Could not proxy command to remote server. Original error: Error: socket hang up (WARNING: The server did not provide any stacktrace information)
Command duration or timeout: 54 milliseconds
Build info: version: '2.53.0', revision: '35ae25b1534ae328c771e0856c93e187490ca824', time: '2016-03-15 10:43:46'
System info: host: 'TRNROOM10-29', ip: '172.20.226.252', os.name: 'Windows 8.1', os.arch: 'amd64', os.version: '6.3', java.version: '1.8.0_60'
Driver info: io.appium.java_client.android.AndroidDriver
Capabilities [{appPackage=in.amazon.mShop.android.shopping, statBarHeight=72, viewportRect={top=72, left=0, width=1080, height=1704}, deviceName=emulator-5556, platform=LINUX, deviceUDID=emulator-5556, desired={appPackage=in.amazon.mShop.android.shopping, appActivity=com.amazon.mShop.home.HomeActivity, app=C:\Pramila23Sept\amazon2\resources\Apks\Amazon.apk, platformVersion=9, automationName=UiAutomator2, platformName=Android, udid=emulator-5556, deviceName=emulator-5554}, platformVersion=9, webStorageEnabled=false, automationName=UiAutomator2, takesScreenshot=true, javascriptEnabled=true, platformName=Android, udid=emulator-5556, deviceApiLevel=28, deviceManufacturer=Google, app=C:\Pramila23Sept\amazon2\resources\Apks\Amazon.apk, deviceScreenSize=1080x1920, networkConnectionEnabled=true, warnings={}, databaseEnabled=false, appActivity=com.amazon.mShop.home.HomeActivity, pixelRatio=3, locationContextEnabled=false, deviceScreenDensity=480, deviceModel=Android SDK built for x86}]
Session ID: e81afc51-0078-4144-bbed-f06f22ad75bc
*** Element info: {Using=xpath, value=//android.widget.TextView[contains(@text, 'Shop by Category')]}
	at org.openqa.selenium.remote.ErrorHandler.createThrowable(ErrorHandler.java:206)
	at org.openqa.selenium.remote.ErrorHandler.throwIfResponseFailed(ErrorHandler.java:158)
	at org.openqa.selenium.remote.RemoteWebDriver.execute(RemoteWebDriver.java:678)
	at io.appium.java_client.DefaultGenericMobileDriver.execute(DefaultGenericMobileDriver.java:43)
	at io.appium.java_client.AppiumDriver.execute(AppiumDriver.java:1)
	at io.appium.java_client.android.AndroidDriver.execute(AndroidDriver.java:1)
	at org.openqa.selenium.remote.RemoteWebDriver.findElement(RemoteWebDriver.java:363)
	at org.openqa.selenium.remote.RemoteWebDriver.findElementByXPath(RemoteWebDriver.java:500)
	at io.appium.java_client.DefaultGenericMobileDriver.findElementByXPath(DefaultGenericMobileDriver.java:129)
	at io.appium.java_client.AppiumDriver.findElementByXPath(AppiumDriver.java:1)
	at io.appium.java_client.android.AndroidDriver.findElementByXPath(AndroidDriver.java:1)
	at org.openqa.selenium.By$ByXPath.findElement(By.java:361)
	at org.openqa.selenium.remote.RemoteWebDriver.findElement(RemoteWebDriver.java:355)
	at io.appium.java_client.DefaultGenericMobileDriver.findElement(DefaultGenericMobileDriver.java:51)
	at io.appium.java_client.AppiumDriver.findElement(AppiumDriver.java:1)
	at io.appium.java_client.android.AndroidDriver.findElement(AndroidDriver.java:1)
	at org.openqa.selenium.support.ui.ExpectedConditions.findElement(ExpectedConditions.java:899)
	at org.openqa.selenium.support.ui.ExpectedConditions.access$000(ExpectedConditions.java:41)
	at org.openqa.selenium.support.ui.ExpectedConditions$7.apply(ExpectedConditions.java:205)
	at org.openqa.selenium.support.ui.ExpectedConditions$7.apply(ExpectedConditions.java:201)
	at org.openqa.selenium.support.ui.ExpectedConditions$22.apply(ExpectedConditions.java:653)
	at org.openqa.selenium.support.ui.ExpectedConditions$22.apply(ExpectedConditions.java:646)
	at org.openqa.selenium.support.ui.FluentWait.until(FluentWait.java:238)
	at com.qa.amazon.pages.BasePage.doClick(BasePage.java:59)
	at com.qa.amazon.steps.LandingPageActions.selectShopByCategory(LandingPageActions.java:22)
	at com.qa.amazon.tests.VerifyKindleTest.verifyKindleTest(VerifyKindleTest.java:20)
	at java.util.concurrent.FutureTask.run(FutureTask.java:266)
	at java.util.concurrent.ThreadPoolExecutor.runWorker(ThreadPoolExecutor.java:1142)
	at java.util.concurrent.ThreadPoolExecutor$Worker.run(ThreadPoolExecutor.java:617)
	at java.lang.Thread.run(Thread.java:745)
... Removed 20 stack frames]]>
    </failure>
  </testcase> <!-- verifyKindleTest -->
</testsuite> <!-- Test2 -->
